<?xml version="1.0" encoding="UTF-8"?>
<coverage generated="1665125606737" clover="3.2.0">
  <project timestamp="1665125606737" name="All files">
    <metrics statements="163" coveredstatements="13" conditionals="33" coveredconditionals="2" methods="51" coveredmethods="3" elements="247" coveredelements="18" complexity="0" loc="163" ncloc="163" packages="3" files="14" classes="14"/>
    <package name="src">
      <metrics statements="13" coveredstatements="1" conditionals="4" coveredconditionals="0" methods="3" coveredmethods="0"/>
      <file name="App.js" path="/Users/palashrathod/Documents/sem 1/CSC510 SE/Auction-Sphere/src/App.js">
        <metrics statements="1" coveredstatements="0" conditionals="0" coveredconditionals="0" methods="1" coveredmethods="0"/>
        <line num="13" count="0" type="stmt"/>
      </file>
      <file name="global.js" path="/Users/palashrathod/Documents/sem 1/CSC510 SE/Auction-Sphere/src/global.js">
        <metrics statements="1" coveredstatements="1" conditionals="0" coveredconditionals="0" methods="0" coveredmethods="0"/>
        <line num="1" count="1" type="stmt"/>
      </file>
      <file name="index.js" path="/Users/palashrathod/Documents/sem 1/CSC510 SE/Auction-Sphere/src/index.js">
        <metrics statements="3" coveredstatements="0" conditionals="0" coveredconditionals="0" methods="0" coveredmethods="0"/>
        <line num="8" count="0" type="stmt"/>
        <line num="9" count="0" type="stmt"/>
        <line num="20" count="0" type="stmt"/>
      </file>
      <file name="reportWebVitals.js" path="/Users/palashrathod/Documents/sem 1/CSC510 SE/Auction-Sphere/src/reportWebVitals.js">
        <metrics statements="8" coveredstatements="0" conditionals="4" coveredconditionals="0" methods="2" coveredmethods="0"/>
        <line num="1" count="0" type="stmt"/>
        <line num="2" count="0" type="cond" truecount="0" falsecount="4"/>
        <line num="3" count="0" type="stmt"/>
        <line num="4" count="0" type="stmt"/>
        <line num="5" count="0" type="stmt"/>
        <line num="6" count="0" type="stmt"/>
        <line num="7" count="0" type="stmt"/>
        <line num="8" count="0" type="stmt"/>
      </file>
    </package>
    <package name="src.components">
      <metrics statements="105" coveredstatements="6" conditionals="23" coveredconditionals="1" methods="34" coveredmethods="2"/>
      <file name="About.js" path="/Users/palashrathod/Documents/sem 1/CSC510 SE/Auction-Sphere/src/components/About.js">
        <metrics statements="2" coveredstatements="0" conditionals="0" coveredconditionals="0" methods="1" coveredmethods="0"/>
        <line num="5" count="0" type="stmt"/>
        <line num="6" count="0" type="stmt"/>
      </file>
      <file name="AddBid.js" path="/Users/palashrathod/Documents/sem 1/CSC510 SE/Auction-Sphere/src/components/AddBid.js">
        <metrics statements="17" coveredstatements="0" conditionals="2" coveredconditionals="0" methods="4" coveredmethods="0"/>
        <line num="6" count="0" type="stmt"/>
        <line num="7" count="0" type="stmt"/>
        <line num="8" count="0" type="stmt"/>
        <line num="9" count="0" type="stmt"/>
        <line num="11" count="0" type="stmt"/>
        <line num="12" count="0" type="stmt"/>
        <line num="13" count="0" type="stmt"/>
        <line num="15" count="0" type="stmt"/>
        <line num="16" count="0" type="cond" truecount="0" falsecount="2"/>
        <line num="17" count="0" type="stmt"/>
        <line num="22" count="0" type="stmt"/>
        <line num="23" count="0" type="stmt"/>
        <line num="24" count="0" type="stmt"/>
        <line num="27" count="0" type="stmt"/>
        <line num="28" count="0" type="stmt"/>
        <line num="31" count="0" type="stmt"/>
        <line num="44" count="0" type="stmt"/>
      </file>
      <file name="Footer.js" path="/Users/palashrathod/Documents/sem 1/CSC510 SE/Auction-Sphere/src/components/Footer.js">
        <metrics statements="2" coveredstatements="2" conditionals="0" coveredconditionals="0" methods="1" coveredmethods="1"/>
        <line num="3" count="2" type="stmt"/>
        <line num="4" count="13" type="stmt"/>
      </file>
      <file name="Navv.js" path="/Users/palashrathod/Documents/sem 1/CSC510 SE/Auction-Sphere/src/components/Navv.js">
        <metrics statements="7" coveredstatements="4" conditionals="2" coveredconditionals="1" methods="4" coveredmethods="1"/>
        <line num="19" count="16" type="stmt"/>
        <line num="21" count="16" type="stmt"/>
        <line num="22" count="16" type="stmt"/>
        <line num="23" count="0" type="stmt"/>
        <line num="24" count="0" type="stmt"/>
        <line num="27" count="16" type="stmt"/>
        <line num="41" count="0" type="stmt"/>
      </file>
      <file name="ProductCard.js" path="/Users/palashrathod/Documents/sem 1/CSC510 SE/Auction-Sphere/src/components/ProductCard.js">
        <metrics statements="3" coveredstatements="0" conditionals="0" coveredconditionals="0" methods="1" coveredmethods="0"/>
        <line num="12" count="0" type="stmt"/>
        <line num="13" count="0" type="stmt"/>
        <line num="15" count="0" type="stmt"/>
      </file>
      <file name="ProductDetails.js" path="/Users/palashrathod/Documents/sem 1/CSC510 SE/Auction-Sphere/src/components/ProductDetails.js">
        <metrics statements="21" coveredstatements="0" conditionals="14" coveredconditionals="0" methods="5" coveredmethods="0"/>
        <line num="11" count="0" type="stmt"/>
        <line num="12" count="0" type="stmt"/>
        <line num="13" count="0" type="stmt"/>
        <line num="14" count="0" type="stmt"/>
        <line num="15" count="0" type="stmt"/>
        <line num="16" count="0" type="stmt"/>
        <line num="17" count="0" type="stmt"/>
        <line num="18" count="0" type="stmt"/>
        <line num="19" count="0" type="stmt"/>
        <line num="22" count="0" type="stmt"/>
        <line num="23" count="0" type="stmt"/>
        <line num="24" count="0" type="stmt"/>
        <line num="26" count="0" type="stmt"/>
        <line num="29" count="0" type="stmt"/>
        <line num="30" count="0" type="stmt"/>
        <line num="31" count="0" type="cond" truecount="0" falsecount="2"/>
        <line num="32" count="0" type="cond" truecount="0" falsecount="2"/>
        <line num="33" count="0" type="stmt"/>
        <line num="37" count="0" type="stmt"/>
        <line num="44" count="0" type="stmt"/>
        <line num="69" count="0" type="stmt"/>
      </file>
      <file name="Products.js" path="/Users/palashrathod/Documents/sem 1/CSC510 SE/Auction-Sphere/src/components/Products.js">
        <metrics statements="14" coveredstatements="0" conditionals="3" coveredconditionals="0" methods="4" coveredmethods="0"/>
        <line num="8" count="0" type="stmt"/>
        <line num="9" count="0" type="stmt"/>
        <line num="10" count="0" type="stmt"/>
        <line num="14" count="0" type="stmt"/>
        <line num="15" count="0" type="stmt"/>
        <line num="16" count="0" type="stmt"/>
        <line num="17" count="0" type="stmt"/>
        <line num="18" count="0" type="stmt"/>
        <line num="20" count="0" type="stmt"/>
        <line num="21" count="0" type="stmt"/>
        <line num="24" count="0" type="stmt"/>
        <line num="25" count="0" type="stmt"/>
        <line num="28" count="0" type="stmt"/>
        <line num="37" count="0" type="stmt"/>
      </file>
      <file name="Sell.js" path="/Users/palashrathod/Documents/sem 1/CSC510 SE/Auction-Sphere/src/components/Sell.js">
        <metrics statements="39" coveredstatements="0" conditionals="2" coveredconditionals="0" methods="14" coveredmethods="0"/>
        <line num="8" count="0" type="stmt"/>
        <line num="9" count="0" type="stmt"/>
        <line num="10" count="0" type="stmt"/>
        <line num="11" count="0" type="stmt"/>
        <line num="12" count="0" type="stmt"/>
        <line num="14" count="0" type="stmt"/>
        <line num="15" count="0" type="stmt"/>
        <line num="18" count="0" type="stmt"/>
        <line num="21" count="0" type="stmt"/>
        <line num="22" count="0" type="stmt"/>
        <line num="23" count="0" type="stmt"/>
        <line num="24" count="0" type="stmt"/>
        <line num="27" count="0" type="stmt"/>
        <line num="28" count="0" type="stmt"/>
        <line num="29" count="0" type="cond" truecount="0" falsecount="2"/>
        <line num="30" count="0" type="stmt"/>
        <line num="32" count="0" type="stmt"/>
        <line num="33" count="0" type="stmt"/>
        <line num="35" count="0" type="stmt"/>
        <line num="36" count="0" type="stmt"/>
        <line num="37" count="0" type="stmt"/>
        <line num="38" count="0" type="stmt"/>
        <line num="40" count="0" type="stmt"/>
        <line num="41" count="0" type="stmt"/>
        <line num="48" count="0" type="stmt"/>
        <line num="57" count="0" type="stmt"/>
        <line num="58" count="0" type="stmt"/>
        <line num="59" count="0" type="stmt"/>
        <line num="60" count="0" type="stmt"/>
        <line num="61" count="0" type="stmt"/>
        <line num="62" count="0" type="stmt"/>
        <line num="63" count="0" type="stmt"/>
        <line num="67" count="0" type="stmt"/>
        <line num="80" count="0" type="stmt"/>
        <line num="91" count="0" type="stmt"/>
        <line num="102" count="0" type="stmt"/>
        <line num="113" count="0" type="stmt"/>
        <line num="124" count="0" type="stmt"/>
        <line num="132" count="0" type="stmt"/>
      </file>
    </package>
    <package name="src.components.LoginSignup">
      <metrics statements="45" coveredstatements="6" conditionals="6" coveredconditionals="1" methods="14" coveredmethods="1"/>
      <file name="Login.js" path="/Users/palashrathod/Documents/sem 1/CSC510 SE/Auction-Sphere/src/components/LoginSignup/Login.js">
        <metrics statements="22" coveredstatements="0" conditionals="2" coveredconditionals="0" methods="5" coveredmethods="0"/>
        <line num="23" count="0" type="stmt"/>
        <line num="24" count="0" type="stmt"/>
        <line num="25" count="0" type="stmt"/>
        <line num="27" count="0" type="stmt"/>
        <line num="28" count="0" type="stmt"/>
        <line num="29" count="0" type="stmt"/>
        <line num="30" count="0" type="stmt"/>
        <line num="32" count="0" type="stmt"/>
        <line num="33" count="0" type="stmt"/>
        <line num="34" count="0" type="stmt"/>
        <line num="36" count="0" type="cond" truecount="0" falsecount="2"/>
        <line num="37" count="0" type="stmt"/>
        <line num="38" count="0" type="stmt"/>
        <line num="39" count="0" type="stmt"/>
        <line num="40" count="0" type="stmt"/>
        <line num="42" count="0" type="stmt"/>
        <line num="45" count="0" type="stmt"/>
        <line num="46" count="0" type="stmt"/>
        <line num="49" count="0" type="stmt"/>
        <line num="53" count="0" type="stmt"/>
        <line num="71" count="0" type="stmt"/>
        <line num="82" count="0" type="stmt"/>
      </file>
      <file name="Signup.js" path="/Users/palashrathod/Documents/sem 1/CSC510 SE/Auction-Sphere/src/components/LoginSignup/Signup.js">
        <metrics statements="23" coveredstatements="6" conditionals="4" coveredconditionals="1" methods="9" coveredmethods="1"/>
        <line num="20" count="1" type="stmt"/>
        <line num="21" count="13" type="stmt"/>
        <line num="22" count="12" type="stmt"/>
        <line num="23" count="0" type="stmt"/>
        <line num="25" count="12" type="stmt"/>
        <line num="26" count="0" type="stmt"/>
        <line num="27" count="0" type="cond" truecount="0" falsecount="2"/>
        <line num="28" count="0" type="stmt"/>
        <line num="30" count="0" type="stmt"/>
        <line num="31" count="0" type="stmt"/>
        <line num="32" count="0" type="stmt"/>
        <line num="33" count="0" type="stmt"/>
        <line num="34" count="0" type="stmt"/>
        <line num="37" count="0" type="stmt"/>
        <line num="38" count="0" type="stmt"/>
        <line num="42" count="12" type="stmt"/>
        <line num="51" count="12" type="stmt"/>
        <line num="73" count="0" type="stmt"/>
        <line num="84" count="0" type="stmt"/>
        <line num="95" count="0" type="stmt"/>
        <line num="106" count="0" type="stmt"/>
        <line num="128" count="0" type="stmt"/>
        <line num="139" count="0" type="stmt"/>
      </file>
    </package>
  </project>
</coverage>
