{"/Users/kartiksoni/Desktop/SE/Auction-Sphere/src/components/About.js": {"path":"/Users/kartiksoni/Desktop/SE/Auction-Sphere/src/components/About.js","statementMap":{"0":{"start":{"line":4,"column":14},"end":{"line":24,"column":1}},"1":{"start":{"line":5,"column":2},"end":{"line":23,"column":4}}},"fnMap":{"0":{"name":"(anonymous_0)","decl":{"start":{"line":4,"column":14},"end":{"line":4,"column":15}},"loc":{"start":{"line":4,"column":20},"end":{"line":24,"column":1}},"line":4}},"branchMap":{},"s":{"0":0,"1":0},"f":{"0":0},"b":{}}
,"/Users/kartiksoni/Desktop/SE/Auction-Sphere/src/components/AddBid.js": {"path":"/Users/kartiksoni/Desktop/SE/Auction-Sphere/src/components/AddBid.js","statementMap":{"0":{"start":{"line":6,"column":15},"end":{"line":48,"column":1}},"1":{"start":{"line":7,"column":30},"end":{"line":7,"column":41}},"2":{"start":{"line":8,"column":23},"end":{"line":10,"column":3}},"3":{"start":{"line":9,"column":4},"end":{"line":9,"column":34}},"4":{"start":{"line":11,"column":23},"end":{"line":28,"column":3}},"5":{"start":{"line":12,"column":4},"end":{"line":12,"column":27}},"6":{"start":{"line":13,"column":4},"end":{"line":13,"column":24}},"7":{"start":{"line":15,"column":4},"end":{"line":27,"column":5}},"8":{"start":{"line":16,"column":6},"end":{"line":23,"column":7}},"9":{"start":{"line":17,"column":8},"end":{"line":21,"column":11}},"10":{"start":{"line":22,"column":8},"end":{"line":22,"column":30}},"11":{"start":{"line":25,"column":6},"end":{"line":25,"column":21}},"12":{"start":{"line":26,"column":6},"end":{"line":26,"column":29}},"13":{"start":{"line":29,"column":2},"end":{"line":47,"column":4}},"14":{"start":{"line":41,"column":29},"end":{"line":41,"column":44}}},"fnMap":{"0":{"name":"(anonymous_0)","decl":{"start":{"line":6,"column":15},"end":{"line":6,"column":16}},"loc":{"start":{"line":6,"column":34},"end":{"line":48,"column":1}},"line":6},"1":{"name":"(anonymous_1)","decl":{"start":{"line":8,"column":23},"end":{"line":8,"column":24}},"loc":{"start":{"line":8,"column":34},"end":{"line":10,"column":3}},"line":8},"2":{"name":"(anonymous_2)","decl":{"start":{"line":11,"column":23},"end":{"line":11,"column":24}},"loc":{"start":{"line":11,"column":40},"end":{"line":28,"column":3}},"line":11},"3":{"name":"(anonymous_3)","decl":{"start":{"line":41,"column":22},"end":{"line":41,"column":23}},"loc":{"start":{"line":41,"column":29},"end":{"line":41,"column":44}},"line":41}},"branchMap":{"0":{"loc":{"start":{"line":16,"column":6},"end":{"line":23,"column":7}},"type":"if","locations":[{"start":{"line":16,"column":6},"end":{"line":23,"column":7}},{"start":{},"end":{}}],"line":16}},"s":{"0":0,"1":0,"2":0,"3":0,"4":0,"5":0,"6":0,"7":0,"8":0,"9":0,"10":0,"11":0,"12":0,"13":0,"14":0},"f":{"0":0,"1":0,"2":0,"3":0},"b":{"0":[0,0]}}
,"/Users/kartiksoni/Desktop/SE/Auction-Sphere/src/components/Footer.js": {"path":"/Users/kartiksoni/Desktop/SE/Auction-Sphere/src/components/Footer.js","statementMap":{"0":{"start":{"line":3,"column":15},"end":{"line":17,"column":1}},"1":{"start":{"line":4,"column":2},"end":{"line":16,"column":4}}},"fnMap":{"0":{"name":"(anonymous_0)","decl":{"start":{"line":3,"column":15},"end":{"line":3,"column":16}},"loc":{"start":{"line":3,"column":21},"end":{"line":17,"column":1}},"line":3}},"branchMap":{},"s":{"0":1,"1":1},"f":{"0":1},"b":{},"_coverageSchema":"1a1c01bbd47fc00a2c39e90264f33305004495a9","hash":"782b3f4a18176ba4c8ae4852f37cdcc7d58dbee6"}
,"/Users/kartiksoni/Desktop/SE/Auction-Sphere/src/components/Navv.js": {"path":"/Users/kartiksoni/Desktop/SE/Auction-Sphere/src/components/Navv.js","statementMap":{"0":{"start":{"line":19,"column":30},"end":{"line":19,"column":44}},"1":{"start":{"line":21,"column":17},"end":{"line":21,"column":41}},"2":{"start":{"line":21,"column":23},"end":{"line":21,"column":41}},"3":{"start":{"line":22,"column":23},"end":{"line":25,"column":3}},"4":{"start":{"line":23,"column":4},"end":{"line":23,"column":25}},"5":{"start":{"line":24,"column":4},"end":{"line":24,"column":29}},"6":{"start":{"line":27,"column":2},"end":{"line":75,"column":4}},"7":{"start":{"line":41,"column":12},"end":{"line":41,"column":31}}},"fnMap":{"0":{"name":"Navv","decl":{"start":{"line":18,"column":9},"end":{"line":18,"column":13}},"loc":{"start":{"line":18,"column":20},"end":{"line":76,"column":1}},"line":18},"1":{"name":"(anonymous_1)","decl":{"start":{"line":21,"column":17},"end":{"line":21,"column":18}},"loc":{"start":{"line":21,"column":23},"end":{"line":21,"column":41}},"line":21},"2":{"name":"(anonymous_2)","decl":{"start":{"line":22,"column":23},"end":{"line":22,"column":24}},"loc":{"start":{"line":22,"column":29},"end":{"line":25,"column":3}},"line":22},"3":{"name":"(anonymous_3)","decl":{"start":{"line":40,"column":19},"end":{"line":40,"column":20}},"loc":{"start":{"line":40,"column":25},"end":{"line":42,"column":11}},"line":40}},"branchMap":{"0":{"loc":{"start":{"line":50,"column":13},"end":{"line":70,"column":13}},"type":"cond-expr","locations":[{"start":{"line":51,"column":14},"end":{"line":60,"column":17}},{"start":{"line":62,"column":14},"end":{"line":69,"column":17}}],"line":50}},"s":{"0":4,"1":4,"2":0,"3":4,"4":0,"5":0,"6":4,"7":0},"f":{"0":4,"1":0,"2":0,"3":0},"b":{"0":[0,4]},"_coverageSchema":"1a1c01bbd47fc00a2c39e90264f33305004495a9","hash":"4429003a44a3d6806b0be3172822117392989d89"}
,"/Users/kartiksoni/Desktop/SE/Auction-Sphere/src/components/ProductCard.js": {"path":"/Users/kartiksoni/Desktop/SE/Auction-Sphere/src/components/ProductCard.js","statementMap":{"0":{"start":{"line":12,"column":20},"end":{"line":48,"column":1}},"1":{"start":{"line":13,"column":24},"end":{"line":13,"column":58}},"2":{"start":{"line":15,"column":2},"end":{"line":47,"column":4}}},"fnMap":{"0":{"name":"(anonymous_0)","decl":{"start":{"line":12,"column":20},"end":{"line":12,"column":21}},"loc":{"start":{"line":12,"column":37},"end":{"line":48,"column":1}},"line":12}},"branchMap":{},"s":{"0":0,"1":0,"2":0},"f":{"0":0},"b":{}}
,"/Users/kartiksoni/Desktop/SE/Auction-Sphere/src/components/ProductDetails.js": {"path":"/Users/kartiksoni/Desktop/SE/Auction-Sphere/src/components/ProductDetails.js","statementMap":{"0":{"start":{"line":11,"column":23},"end":{"line":42,"column":1}},"1":{"start":{"line":12,"column":15},"end":{"line":12,"column":26}},"2":{"start":{"line":13,"column":38},"end":{"line":13,"column":53}},"3":{"start":{"line":14,"column":38},"end":{"line":14,"column":53}},"4":{"start":{"line":15,"column":28},"end":{"line":18,"column":3}},"5":{"start":{"line":16,"column":15},"end":{"line":16,"column":78}},"6":{"start":{"line":17,"column":4},"end":{"line":17,"column":22}},"7":{"start":{"line":19,"column":2},"end":{"line":26,"column":9}},"8":{"start":{"line":20,"column":4},"end":{"line":20,"column":24}},"9":{"start":{"line":21,"column":4},"end":{"line":25,"column":5}},"10":{"start":{"line":22,"column":6},"end":{"line":24,"column":7}},"11":{"start":{"line":23,"column":8},"end":{"line":23,"column":28}},"12":{"start":{"line":27,"column":2},"end":{"line":41,"column":4}},"13":{"start":{"line":33,"column":46},"end":{"line":33,"column":72}}},"fnMap":{"0":{"name":"(anonymous_0)","decl":{"start":{"line":11,"column":23},"end":{"line":11,"column":24}},"loc":{"start":{"line":11,"column":29},"end":{"line":42,"column":1}},"line":11},"1":{"name":"(anonymous_1)","decl":{"start":{"line":15,"column":28},"end":{"line":15,"column":29}},"loc":{"start":{"line":15,"column":40},"end":{"line":18,"column":3}},"line":15},"2":{"name":"(anonymous_2)","decl":{"start":{"line":19,"column":12},"end":{"line":19,"column":13}},"loc":{"start":{"line":19,"column":18},"end":{"line":26,"column":3}},"line":19},"3":{"name":"(anonymous_3)","decl":{"start":{"line":33,"column":40},"end":{"line":33,"column":41}},"loc":{"start":{"line":33,"column":46},"end":{"line":33,"column":72}},"line":33}},"branchMap":{"0":{"loc":{"start":{"line":21,"column":4},"end":{"line":25,"column":5}},"type":"if","locations":[{"start":{"line":21,"column":4},"end":{"line":25,"column":5}},{"start":{},"end":{}}],"line":21},"1":{"loc":{"start":{"line":22,"column":6},"end":{"line":24,"column":7}},"type":"if","locations":[{"start":{"line":22,"column":6},"end":{"line":24,"column":7}},{"start":{},"end":{}}],"line":22},"2":{"loc":{"start":{"line":31,"column":7},"end":{"line":38,"column":7}},"type":"binary-expr","locations":[{"start":{"line":31,"column":7},"end":{"line":31,"column":17}},{"start":{"line":32,"column":8},"end":{"line":37,"column":11}}],"line":31},"3":{"loc":{"start":{"line":34,"column":13},"end":{"line":34,"column":57}},"type":"cond-expr","locations":[{"start":{"line":34,"column":26},"end":{"line":34,"column":40}},{"start":{"line":34,"column":43},"end":{"line":34,"column":57}}],"line":34},"4":{"loc":{"start":{"line":36,"column":11},"end":{"line":36,"column":50}},"type":"binary-expr","locations":[{"start":{"line":36,"column":11},"end":{"line":36,"column":21}},{"start":{"line":36,"column":25},"end":{"line":36,"column":50}}],"line":36}},"s":{"0":0,"1":0,"2":0,"3":0,"4":0,"5":0,"6":0,"7":0,"8":0,"9":0,"10":0,"11":0,"12":0,"13":0},"f":{"0":0,"1":0,"2":0,"3":0},"b":{"0":[0,0],"1":[0,0],"2":[0,0],"3":[0,0],"4":[0,0]}}
,"/Users/kartiksoni/Desktop/SE/Auction-Sphere/src/components/Products.js": {"path":"/Users/kartiksoni/Desktop/SE/Auction-Sphere/src/components/Products.js","statementMap":{"0":{"start":{"line":8,"column":17},"end":{"line":36,"column":1}},"1":{"start":{"line":9,"column":40},"end":{"line":9,"column":52}},"2":{"start":{"line":10,"column":17},"end":{"line":13,"column":3}},"3":{"start":{"line":14,"column":22},"end":{"line":22,"column":3}},"4":{"start":{"line":15,"column":4},"end":{"line":21,"column":5}},"5":{"start":{"line":16,"column":17},"end":{"line":16,"column":60}},"6":{"start":{"line":17,"column":6},"end":{"line":17,"column":24}},"7":{"start":{"line":19,"column":6},"end":{"line":19,"column":36}},"8":{"start":{"line":20,"column":6},"end":{"line":20,"column":25}},"9":{"start":{"line":23,"column":2},"end":{"line":25,"column":5}},"10":{"start":{"line":24,"column":4},"end":{"line":24,"column":18}},"11":{"start":{"line":27,"column":2},"end":{"line":35,"column":4}},"12":{"start":{"line":31,"column":8},"end":{"line":31,"column":41}}},"fnMap":{"0":{"name":"(anonymous_0)","decl":{"start":{"line":8,"column":17},"end":{"line":8,"column":18}},"loc":{"start":{"line":8,"column":23},"end":{"line":36,"column":1}},"line":8},"1":{"name":"(anonymous_1)","decl":{"start":{"line":14,"column":22},"end":{"line":14,"column":23}},"loc":{"start":{"line":14,"column":34},"end":{"line":22,"column":3}},"line":14},"2":{"name":"(anonymous_2)","decl":{"start":{"line":23,"column":12},"end":{"line":23,"column":13}},"loc":{"start":{"line":23,"column":18},"end":{"line":25,"column":3}},"line":23},"3":{"name":"(anonymous_3)","decl":{"start":{"line":30,"column":20},"end":{"line":30,"column":21}},"loc":{"start":{"line":31,"column":8},"end":{"line":31,"column":41}},"line":31}},"branchMap":{},"s":{"0":0,"1":0,"2":0,"3":0,"4":0,"5":0,"6":0,"7":0,"8":0,"9":0,"10":0,"11":0,"12":0},"f":{"0":0,"1":0,"2":0,"3":0},"b":{}}
,"/Users/kartiksoni/Desktop/SE/Auction-Sphere/src/components/Sell.js": {"path":"/Users/kartiksoni/Desktop/SE/Auction-Sphere/src/components/Sell.js","statementMap":{"0":{"start":{"line":8,"column":17},"end":{"line":19,"column":4}},"1":{"start":{"line":9,"column":2},"end":{"line":19,"column":4}},"2":{"start":{"line":10,"column":19},"end":{"line":10,"column":35}},"3":{"start":{"line":11,"column":4},"end":{"line":13,"column":6}},"4":{"start":{"line":12,"column":6},"end":{"line":12,"column":35}},"5":{"start":{"line":14,"column":4},"end":{"line":16,"column":6}},"6":{"start":{"line":15,"column":6},"end":{"line":15,"column":20}},"7":{"start":{"line":18,"column":4},"end":{"line":18,"column":31}},"8":{"start":{"line":21,"column":13},"end":{"line":140,"column":1}},"9":{"start":{"line":22,"column":44},"end":{"line":22,"column":54}},"10":{"start":{"line":23,"column":23},"end":{"line":25,"column":3}},"11":{"start":{"line":24,"column":4},"end":{"line":24,"column":74}},"12":{"start":{"line":27,"column":23},"end":{"line":46,"column":3}},"13":{"start":{"line":28,"column":4},"end":{"line":28,"column":27}},"14":{"start":{"line":29,"column":4},"end":{"line":30,"column":59}},"15":{"start":{"line":30,"column":6},"end":{"line":30,"column":59}},"16":{"start":{"line":32,"column":4},"end":{"line":32,"column":35}},"17":{"start":{"line":33,"column":4},"end":{"line":33,"column":26}},"18":{"start":{"line":35,"column":4},"end":{"line":42,"column":5}},"19":{"start":{"line":36,"column":6},"end":{"line":36,"column":69}},"20":{"start":{"line":37,"column":6},"end":{"line":37,"column":35}},"21":{"start":{"line":38,"column":6},"end":{"line":38,"column":28}},"22":{"start":{"line":40,"column":6},"end":{"line":40,"column":21}},"23":{"start":{"line":41,"column":6},"end":{"line":41,"column":36}},"24":{"start":{"line":48,"column":34},"end":{"line":55,"column":4}},"25":{"start":{"line":57,"column":32},"end":{"line":65,"column":8}},"26":{"start":{"line":58,"column":4},"end":{"line":64,"column":5}},"27":{"start":{"line":58,"column":17},"end":{"line":58,"column":18}},"28":{"start":{"line":59,"column":17},"end":{"line":59,"column":46}},"29":{"start":{"line":60,"column":6},"end":{"line":60,"column":24}},"30":{"start":{"line":61,"column":31},"end":{"line":61,"column":51}},"31":{"start":{"line":62,"column":6},"end":{"line":62,"column":43}},"32":{"start":{"line":63,"column":6},"end":{"line":63,"column":51}},"33":{"start":{"line":67,"column":2},"end":{"line":139,"column":4}},"34":{"start":{"line":80,"column":29},"end":{"line":80,"column":44}},"35":{"start":{"line":91,"column":29},"end":{"line":91,"column":44}},"36":{"start":{"line":102,"column":29},"end":{"line":102,"column":44}},"37":{"start":{"line":113,"column":29},"end":{"line":113,"column":44}},"38":{"start":{"line":124,"column":29},"end":{"line":124,"column":44}},"39":{"start":{"line":132,"column":29},"end":{"line":132,"column":53}}},"fnMap":{"0":{"name":"(anonymous_0)","decl":{"start":{"line":8,"column":17},"end":{"line":8,"column":18}},"loc":{"start":{"line":9,"column":2},"end":{"line":19,"column":4}},"line":9},"1":{"name":"(anonymous_1)","decl":{"start":{"line":9,"column":14},"end":{"line":9,"column":15}},"loc":{"start":{"line":9,"column":35},"end":{"line":19,"column":3}},"line":9},"2":{"name":"(anonymous_2)","decl":{"start":{"line":11,"column":20},"end":{"line":11,"column":21}},"loc":{"start":{"line":11,"column":31},"end":{"line":13,"column":5}},"line":11},"3":{"name":"(anonymous_3)","decl":{"start":{"line":14,"column":21},"end":{"line":14,"column":22}},"loc":{"start":{"line":14,"column":32},"end":{"line":16,"column":5}},"line":14},"4":{"name":"(anonymous_4)","decl":{"start":{"line":21,"column":13},"end":{"line":21,"column":14}},"loc":{"start":{"line":21,"column":19},"end":{"line":140,"column":1}},"line":21},"5":{"name":"(anonymous_5)","decl":{"start":{"line":23,"column":23},"end":{"line":23,"column":24}},"loc":{"start":{"line":23,"column":34},"end":{"line":25,"column":3}},"line":23},"6":{"name":"(anonymous_6)","decl":{"start":{"line":27,"column":23},"end":{"line":27,"column":24}},"loc":{"start":{"line":27,"column":40},"end":{"line":46,"column":3}},"line":27},"7":{"name":"(anonymous_7)","decl":{"start":{"line":57,"column":44},"end":{"line":57,"column":45}},"loc":{"start":{"line":57,"column":69},"end":{"line":65,"column":3}},"line":57},"8":{"name":"(anonymous_8)","decl":{"start":{"line":80,"column":22},"end":{"line":80,"column":23}},"loc":{"start":{"line":80,"column":29},"end":{"line":80,"column":44}},"line":80},"9":{"name":"(anonymous_9)","decl":{"start":{"line":91,"column":22},"end":{"line":91,"column":23}},"loc":{"start":{"line":91,"column":29},"end":{"line":91,"column":44}},"line":91},"10":{"name":"(anonymous_10)","decl":{"start":{"line":102,"column":22},"end":{"line":102,"column":23}},"loc":{"start":{"line":102,"column":29},"end":{"line":102,"column":44}},"line":102},"11":{"name":"(anonymous_11)","decl":{"start":{"line":113,"column":22},"end":{"line":113,"column":23}},"loc":{"start":{"line":113,"column":29},"end":{"line":113,"column":44}},"line":113},"12":{"name":"(anonymous_12)","decl":{"start":{"line":124,"column":22},"end":{"line":124,"column":23}},"loc":{"start":{"line":124,"column":29},"end":{"line":124,"column":44}},"line":124},"13":{"name":"(anonymous_13)","decl":{"start":{"line":132,"column":22},"end":{"line":132,"column":23}},"loc":{"start":{"line":132,"column":29},"end":{"line":132,"column":53}},"line":132}},"branchMap":{"0":{"loc":{"start":{"line":29,"column":4},"end":{"line":30,"column":59}},"type":"if","locations":[{"start":{"line":29,"column":4},"end":{"line":30,"column":59}},{"start":{},"end":{}}],"line":29}},"s":{"0":0,"1":0,"2":0,"3":0,"4":0,"5":0,"6":0,"7":0,"8":0,"9":0,"10":0,"11":0,"12":0,"13":0,"14":0,"15":0,"16":0,"17":0,"18":0,"19":0,"20":0,"21":0,"22":0,"23":0,"24":0,"25":0,"26":0,"27":0,"28":0,"29":0,"30":0,"31":0,"32":0,"33":0,"34":0,"35":0,"36":0,"37":0,"38":0,"39":0},"f":{"0":0,"1":0,"2":0,"3":0,"4":0,"5":0,"6":0,"7":0,"8":0,"9":0,"10":0,"11":0,"12":0,"13":0},"b":{"0":[0,0]}}
,"/Users/kartiksoni/Desktop/SE/Auction-Sphere/src/components/LoginSignup/Login.js": {"path":"/Users/kartiksoni/Desktop/SE/Auction-Sphere/src/components/LoginSignup/Login.js","statementMap":{"0":{"start":{"line":12,"column":14},"end":{"line":75,"column":1}},"1":{"start":{"line":13,"column":23},"end":{"line":15,"column":3}},"2":{"start":{"line":14,"column":4},"end":{"line":14,"column":74}},"3":{"start":{"line":16,"column":19},"end":{"line":16,"column":32}},"4":{"start":{"line":17,"column":23},"end":{"line":37,"column":3}},"5":{"start":{"line":18,"column":4},"end":{"line":18,"column":27}},"6":{"start":{"line":19,"column":4},"end":{"line":19,"column":26}},"7":{"start":{"line":21,"column":4},"end":{"line":36,"column":5}},"8":{"start":{"line":22,"column":6},"end":{"line":22,"column":60}},"9":{"start":{"line":23,"column":6},"end":{"line":23,"column":28}},"10":{"start":{"line":25,"column":6},"end":{"line":32,"column":7}},"11":{"start":{"line":26,"column":8},"end":{"line":26,"column":32}},"12":{"start":{"line":27,"column":8},"end":{"line":27,"column":45}},"13":{"start":{"line":28,"column":8},"end":{"line":28,"column":54}},"14":{"start":{"line":29,"column":8},"end":{"line":29,"column":30}},"15":{"start":{"line":31,"column":8},"end":{"line":31,"column":38}},"16":{"start":{"line":34,"column":6},"end":{"line":34,"column":36}},"17":{"start":{"line":35,"column":6},"end":{"line":35,"column":21}},"18":{"start":{"line":38,"column":34},"end":{"line":41,"column":4}},"19":{"start":{"line":42,"column":2},"end":{"line":74,"column":4}},"20":{"start":{"line":54,"column":29},"end":{"line":54,"column":44}},"21":{"start":{"line":65,"column":29},"end":{"line":65,"column":44}}},"fnMap":{"0":{"name":"(anonymous_0)","decl":{"start":{"line":12,"column":14},"end":{"line":12,"column":15}},"loc":{"start":{"line":12,"column":20},"end":{"line":75,"column":1}},"line":12},"1":{"name":"(anonymous_1)","decl":{"start":{"line":13,"column":23},"end":{"line":13,"column":24}},"loc":{"start":{"line":13,"column":34},"end":{"line":15,"column":3}},"line":13},"2":{"name":"(anonymous_2)","decl":{"start":{"line":17,"column":23},"end":{"line":17,"column":24}},"loc":{"start":{"line":17,"column":40},"end":{"line":37,"column":3}},"line":17},"3":{"name":"(anonymous_3)","decl":{"start":{"line":54,"column":22},"end":{"line":54,"column":23}},"loc":{"start":{"line":54,"column":29},"end":{"line":54,"column":44}},"line":54},"4":{"name":"(anonymous_4)","decl":{"start":{"line":65,"column":22},"end":{"line":65,"column":23}},"loc":{"start":{"line":65,"column":29},"end":{"line":65,"column":44}},"line":65}},"branchMap":{"0":{"loc":{"start":{"line":25,"column":6},"end":{"line":32,"column":7}},"type":"if","locations":[{"start":{"line":25,"column":6},"end":{"line":32,"column":7}},{"start":{"line":30,"column":13},"end":{"line":32,"column":7}}],"line":25}},"s":{"0":0,"1":0,"2":0,"3":0,"4":0,"5":0,"6":0,"7":0,"8":0,"9":0,"10":0,"11":0,"12":0,"13":0,"14":0,"15":0,"16":0,"17":0,"18":0,"19":0,"20":0,"21":0},"f":{"0":0,"1":0,"2":0,"3":0,"4":0},"b":{"0":[0,0]}}
,"/Users/kartiksoni/Desktop/SE/Auction-Sphere/src/components/LoginSignup/Signup.js": {"path":"/Users/kartiksoni/Desktop/SE/Auction-Sphere/src/components/LoginSignup/Signup.js","statementMap":{"0":{"start":{"line":10,"column":15},"end":{"line":139,"column":1}},"1":{"start":{"line":11,"column":19},"end":{"line":11,"column":32}},"2":{"start":{"line":12,"column":23},"end":{"line":14,"column":3}},"3":{"start":{"line":13,"column":4},"end":{"line":13,"column":74}},"4":{"start":{"line":15,"column":23},"end":{"line":31,"column":3}},"5":{"start":{"line":16,"column":4},"end":{"line":16,"column":27}},"6":{"start":{"line":17,"column":4},"end":{"line":30,"column":5}},"7":{"start":{"line":18,"column":6},"end":{"line":18,"column":38}},"8":{"start":{"line":20,"column":6},"end":{"line":20,"column":28}},"9":{"start":{"line":21,"column":6},"end":{"line":29,"column":7}},"10":{"start":{"line":22,"column":23},"end":{"line":22,"column":66}},"11":{"start":{"line":23,"column":8},"end":{"line":23,"column":30}},"12":{"start":{"line":24,"column":8},"end":{"line":24,"column":27}},"13":{"start":{"line":27,"column":8},"end":{"line":27,"column":38}},"14":{"start":{"line":28,"column":8},"end":{"line":28,"column":23}},"15":{"start":{"line":32,"column":34},"end":{"line":40,"column":4}},"16":{"start":{"line":41,"column":2},"end":{"line":138,"column":4}},"17":{"start":{"line":58,"column":33},"end":{"line":58,"column":48}},"18":{"start":{"line":69,"column":33},"end":{"line":69,"column":48}},"19":{"start":{"line":80,"column":33},"end":{"line":80,"column":48}},"20":{"start":{"line":91,"column":33},"end":{"line":91,"column":48}},"21":{"start":{"line":113,"column":33},"end":{"line":113,"column":48}},"22":{"start":{"line":124,"column":33},"end":{"line":124,"column":48}}},"fnMap":{"0":{"name":"(anonymous_0)","decl":{"start":{"line":10,"column":15},"end":{"line":10,"column":16}},"loc":{"start":{"line":10,"column":21},"end":{"line":139,"column":1}},"line":10},"1":{"name":"(anonymous_1)","decl":{"start":{"line":12,"column":23},"end":{"line":12,"column":24}},"loc":{"start":{"line":12,"column":34},"end":{"line":14,"column":3}},"line":12},"2":{"name":"(anonymous_2)","decl":{"start":{"line":15,"column":23},"end":{"line":15,"column":24}},"loc":{"start":{"line":15,"column":40},"end":{"line":31,"column":3}},"line":15},"3":{"name":"(anonymous_3)","decl":{"start":{"line":58,"column":26},"end":{"line":58,"column":27}},"loc":{"start":{"line":58,"column":33},"end":{"line":58,"column":48}},"line":58},"4":{"name":"(anonymous_4)","decl":{"start":{"line":69,"column":26},"end":{"line":69,"column":27}},"loc":{"start":{"line":69,"column":33},"end":{"line":69,"column":48}},"line":69},"5":{"name":"(anonymous_5)","decl":{"start":{"line":80,"column":26},"end":{"line":80,"column":27}},"loc":{"start":{"line":80,"column":33},"end":{"line":80,"column":48}},"line":80},"6":{"name":"(anonymous_6)","decl":{"start":{"line":91,"column":26},"end":{"line":91,"column":27}},"loc":{"start":{"line":91,"column":33},"end":{"line":91,"column":48}},"line":91},"7":{"name":"(anonymous_7)","decl":{"start":{"line":113,"column":26},"end":{"line":113,"column":27}},"loc":{"start":{"line":113,"column":33},"end":{"line":113,"column":48}},"line":113},"8":{"name":"(anonymous_8)","decl":{"start":{"line":124,"column":26},"end":{"line":124,"column":27}},"loc":{"start":{"line":124,"column":33},"end":{"line":124,"column":48}},"line":124}},"branchMap":{"0":{"loc":{"start":{"line":17,"column":4},"end":{"line":30,"column":5}},"type":"if","locations":[{"start":{"line":17,"column":4},"end":{"line":30,"column":5}},{"start":{"line":19,"column":9},"end":{"line":30,"column":5}}],"line":17},"1":{"loc":{"start":{"line":44,"column":7},"end":{"line":131,"column":7}},"type":"cond-expr","locations":[{"start":{"line":45,"column":8},"end":{"line":45,"column":13}},{"start":{"line":47,"column":8},"end":{"line":130,"column":11}}],"line":44}},"s":{"0":0,"1":0,"2":0,"3":0,"4":0,"5":0,"6":0,"7":0,"8":0,"9":0,"10":0,"11":0,"12":0,"13":0,"14":0,"15":0,"16":0,"17":0,"18":0,"19":0,"20":0,"21":0,"22":0},"f":{"0":0,"1":0,"2":0,"3":0,"4":0,"5":0,"6":0,"7":0,"8":0},"b":{"0":[0,0],"1":[0,0]}}
}
