{"/Users/palashrathod/Documents/sem 1/CSC510 SE/Auction-Sphere/src/App.js": {"path":"/Users/palashrathod/Documents/sem 1/CSC510 SE/Auction-Sphere/src/App.js","statementMap":{"0":{"start":{"line":13,"column":2},"end":{"line":26,"column":4}}},"fnMap":{"0":{"name":"App","decl":{"start":{"line":12,"column":9},"end":{"line":12,"column":12}},"loc":{"start":{"line":12,"column":15},"end":{"line":27,"column":1}},"line":12}},"branchMap":{},"s":{"0":0},"f":{"0":0},"b":{}}
,"/Users/palashrathod/Documents/sem 1/CSC510 SE/Auction-Sphere/src/global.js": {"path":"/Users/palashrathod/Documents/sem 1/CSC510 SE/Auction-Sphere/src/global.js","statementMap":{"0":{"start":{"line":1,"column":12},"end":{"line":1,"column":35}}},"fnMap":{},"branchMap":{},"s":{"0":2},"f":{},"b":{},"_coverageSchema":"1a1c01bbd47fc00a2c39e90264f33305004495a9","hash":"077f47ad2f2ea9e3b30095f228ec194e46f345a6"}
,"/Users/palashrathod/Documents/sem 1/CSC510 SE/Auction-Sphere/src/index.js": {"path":"/Users/palashrathod/Documents/sem 1/CSC510 SE/Auction-Sphere/src/index.js","statementMap":{"0":{"start":{"line":8,"column":13},"end":{"line":8,"column":65}},"1":{"start":{"line":9,"column":0},"end":{"line":15,"column":2}},"2":{"start":{"line":20,"column":0},"end":{"line":20,"column":18}}},"fnMap":{},"branchMap":{},"s":{"0":0,"1":0,"2":0},"f":{},"b":{}}
,"/Users/palashrathod/Documents/sem 1/CSC510 SE/Auction-Sphere/src/reportWebVitals.js": {"path":"/Users/palashrathod/Documents/sem 1/CSC510 SE/Auction-Sphere/src/reportWebVitals.js","statementMap":{"0":{"start":{"line":1,"column":24},"end":{"line":11,"column":1}},"1":{"start":{"line":2,"column":2},"end":{"line":10,"column":3}},"2":{"start":{"line":3,"column":4},"end":{"line":9,"column":7}},"3":{"start":{"line":4,"column":6},"end":{"line":4,"column":26}},"4":{"start":{"line":5,"column":6},"end":{"line":5,"column":26}},"5":{"start":{"line":6,"column":6},"end":{"line":6,"column":26}},"6":{"start":{"line":7,"column":6},"end":{"line":7,"column":26}},"7":{"start":{"line":8,"column":6},"end":{"line":8,"column":27}}},"fnMap":{"0":{"name":"(anonymous_0)","decl":{"start":{"line":1,"column":24},"end":{"line":1,"column":25}},"loc":{"start":{"line":1,"column":39},"end":{"line":11,"column":1}},"line":1},"1":{"name":"(anonymous_1)","decl":{"start":{"line":3,"column":30},"end":{"line":3,"column":31}},"loc":{"start":{"line":3,"column":79},"end":{"line":9,"column":5}},"line":3}},"branchMap":{"0":{"loc":{"start":{"line":2,"column":2},"end":{"line":10,"column":3}},"type":"if","locations":[{"start":{"line":2,"column":2},"end":{"line":10,"column":3}},{"start":{},"end":{}}],"line":2},"1":{"loc":{"start":{"line":2,"column":6},"end":{"line":2,"column":52}},"type":"binary-expr","locations":[{"start":{"line":2,"column":6},"end":{"line":2,"column":17}},{"start":{"line":2,"column":21},"end":{"line":2,"column":52}}],"line":2}},"s":{"0":0,"1":0,"2":0,"3":0,"4":0,"5":0,"6":0,"7":0},"f":{"0":0,"1":0},"b":{"0":[0,0],"1":[0,0]}}
,"/Users/palashrathod/Documents/sem 1/CSC510 SE/Auction-Sphere/src/components/About.js": {"path":"/Users/palashrathod/Documents/sem 1/CSC510 SE/Auction-Sphere/src/components/About.js","statementMap":{"0":{"start":{"line":9,"column":14},"end":{"line":34,"column":1}},"1":{"start":{"line":10,"column":4},"end":{"line":33,"column":5}}},"fnMap":{"0":{"name":"(anonymous_0)","decl":{"start":{"line":9,"column":14},"end":{"line":9,"column":15}},"loc":{"start":{"line":9,"column":20},"end":{"line":34,"column":1}},"line":9}},"branchMap":{},"s":{"0":0,"1":0},"f":{"0":0},"b":{}}
,"/Users/palashrathod/Documents/sem 1/CSC510 SE/Auction-Sphere/src/components/AddBid.js": {"path":"/Users/palashrathod/Documents/sem 1/CSC510 SE/Auction-Sphere/src/components/AddBid.js","statementMap":{"0":{"start":{"line":11,"column":15},"end":{"line":60,"column":1}},"1":{"start":{"line":12,"column":32},"end":{"line":12,"column":43}},"2":{"start":{"line":13,"column":25},"end":{"line":15,"column":5}},"3":{"start":{"line":14,"column":8},"end":{"line":14,"column":37}},"4":{"start":{"line":16,"column":25},"end":{"line":39,"column":5}},"5":{"start":{"line":17,"column":8},"end":{"line":17,"column":30}},"6":{"start":{"line":18,"column":8},"end":{"line":18,"column":27}},"7":{"start":{"line":20,"column":8},"end":{"line":38,"column":9}},"8":{"start":{"line":21,"column":12},"end":{"line":34,"column":13}},"9":{"start":{"line":22,"column":16},"end":{"line":33,"column":17}},"10":{"start":{"line":23,"column":20},"end":{"line":23,"column":60}},"11":{"start":{"line":25,"column":20},"end":{"line":29,"column":22}},"12":{"start":{"line":30,"column":20},"end":{"line":30,"column":49}},"13":{"start":{"line":31,"column":20},"end":{"line":31,"column":41}},"14":{"start":{"line":32,"column":20},"end":{"line":32,"column":48}},"15":{"start":{"line":36,"column":12},"end":{"line":36,"column":26}},"16":{"start":{"line":37,"column":12},"end":{"line":37,"column":20}},"17":{"start":{"line":40,"column":4},"end":{"line":59,"column":5}},"18":{"start":{"line":53,"column":41},"end":{"line":53,"column":56}},"19":{"start":{"line":61,"column":0},"end":{"line":63,"column":1}}},"fnMap":{"0":{"name":"(anonymous_0)","decl":{"start":{"line":11,"column":15},"end":{"line":11,"column":16}},"loc":{"start":{"line":11,"column":47},"end":{"line":60,"column":1}},"line":11},"1":{"name":"(anonymous_1)","decl":{"start":{"line":13,"column":25},"end":{"line":13,"column":26}},"loc":{"start":{"line":13,"column":36},"end":{"line":15,"column":5}},"line":13},"2":{"name":"(anonymous_2)","decl":{"start":{"line":16,"column":25},"end":{"line":16,"column":26}},"loc":{"start":{"line":16,"column":42},"end":{"line":39,"column":5}},"line":16},"3":{"name":"(anonymous_3)","decl":{"start":{"line":53,"column":34},"end":{"line":53,"column":35}},"loc":{"start":{"line":53,"column":41},"end":{"line":53,"column":56}},"line":53}},"branchMap":{"0":{"loc":{"start":{"line":21,"column":12},"end":{"line":34,"column":13}},"type":"if","locations":[{"start":{"line":21,"column":12},"end":{"line":34,"column":13}},{"start":{},"end":{}}],"line":21},"1":{"loc":{"start":{"line":22,"column":16},"end":{"line":33,"column":17}},"type":"if","locations":[{"start":{"line":22,"column":16},"end":{"line":33,"column":17}},{"start":{"line":24,"column":23},"end":{"line":33,"column":17}}],"line":22}},"s":{"0":0,"1":0,"2":0,"3":0,"4":0,"5":0,"6":0,"7":0,"8":0,"9":0,"10":0,"11":0,"12":0,"13":0,"14":0,"15":0,"16":0,"17":0,"18":0,"19":0},"f":{"0":0,"1":0,"2":0,"3":0},"b":{"0":[0,0],"1":[0,0]}}
,"/Users/palashrathod/Documents/sem 1/CSC510 SE/Auction-Sphere/src/components/Footer.js": {"path":"/Users/palashrathod/Documents/sem 1/CSC510 SE/Auction-Sphere/src/components/Footer.js","statementMap":{"0":{"start":{"line":7,"column":15},"end":{"line":31,"column":1}},"1":{"start":{"line":8,"column":4},"end":{"line":30,"column":5}}},"fnMap":{"0":{"name":"(anonymous_0)","decl":{"start":{"line":7,"column":15},"end":{"line":7,"column":16}},"loc":{"start":{"line":7,"column":21},"end":{"line":31,"column":1}},"line":7}},"branchMap":{},"s":{"0":3,"1":17},"f":{"0":17},"b":{},"_coverageSchema":"1a1c01bbd47fc00a2c39e90264f33305004495a9","hash":"e142717e5ff67bdf6cc6397118f16e818090cbcb"}
,"/Users/palashrathod/Documents/sem 1/CSC510 SE/Auction-Sphere/src/components/Navv.js": {"path":"/Users/palashrathod/Documents/sem 1/CSC510 SE/Auction-Sphere/src/components/Navv.js","statementMap":{"0":{"start":{"line":23,"column":32},"end":{"line":23,"column":46}},"1":{"start":{"line":25,"column":19},"end":{"line":25,"column":43}},"2":{"start":{"line":25,"column":25},"end":{"line":25,"column":43}},"3":{"start":{"line":26,"column":25},"end":{"line":29,"column":5}},"4":{"start":{"line":27,"column":8},"end":{"line":27,"column":28}},"5":{"start":{"line":28,"column":8},"end":{"line":28,"column":32}},"6":{"start":{"line":31,"column":4},"end":{"line":84,"column":5}},"7":{"start":{"line":50,"column":24},"end":{"line":50,"column":42}}},"fnMap":{"0":{"name":"Navv","decl":{"start":{"line":22,"column":9},"end":{"line":22,"column":13}},"loc":{"start":{"line":22,"column":20},"end":{"line":85,"column":1}},"line":22},"1":{"name":"(anonymous_1)","decl":{"start":{"line":25,"column":19},"end":{"line":25,"column":20}},"loc":{"start":{"line":25,"column":25},"end":{"line":25,"column":43}},"line":25},"2":{"name":"(anonymous_2)","decl":{"start":{"line":26,"column":25},"end":{"line":26,"column":26}},"loc":{"start":{"line":26,"column":31},"end":{"line":29,"column":5}},"line":26},"3":{"name":"(anonymous_3)","decl":{"start":{"line":49,"column":29},"end":{"line":49,"column":30}},"loc":{"start":{"line":49,"column":35},"end":{"line":51,"column":21}},"line":49}},"branchMap":{"0":{"loc":{"start":{"line":59,"column":25},"end":{"line":79,"column":25}},"type":"cond-expr","locations":[{"start":{"line":60,"column":28},"end":{"line":69,"column":31}},{"start":{"line":71,"column":28},"end":{"line":78,"column":31}}],"line":59}},"s":{"0":20,"1":20,"2":0,"3":20,"4":0,"5":0,"6":20,"7":0},"f":{"0":20,"1":0,"2":0,"3":0},"b":{"0":[0,20]},"_coverageSchema":"1a1c01bbd47fc00a2c39e90264f33305004495a9","hash":"7eab14c10f53fb593d83a44c50bfea8255e90bcb"}
,"/Users/palashrathod/Documents/sem 1/CSC510 SE/Auction-Sphere/src/components/ProductCard.js": {"path":"/Users/palashrathod/Documents/sem 1/CSC510 SE/Auction-Sphere/src/components/ProductCard.js","statementMap":{"0":{"start":{"line":22,"column":20},"end":{"line":81,"column":1}},"1":{"start":{"line":23,"column":26},"end":{"line":23,"column":60}},"2":{"start":{"line":24,"column":30},"end":{"line":24,"column":71}},"3":{"start":{"line":26,"column":23},"end":{"line":36,"column":5}},"4":{"start":{"line":27,"column":8},"end":{"line":35,"column":9}},"5":{"start":{"line":28,"column":29},"end":{"line":30,"column":14}},"6":{"start":{"line":31,"column":12},"end":{"line":31,"column":33}},"7":{"start":{"line":32,"column":12},"end":{"line":32,"column":45}},"8":{"start":{"line":34,"column":12},"end":{"line":34,"column":20}},"9":{"start":{"line":37,"column":4},"end":{"line":39,"column":10}},"10":{"start":{"line":38,"column":8},"end":{"line":38,"column":20}},"11":{"start":{"line":41,"column":4},"end":{"line":80,"column":5}},"12":{"start":{"line":83,"column":0},"end":{"line":87,"column":1}}},"fnMap":{"0":{"name":"(anonymous_0)","decl":{"start":{"line":22,"column":20},"end":{"line":22,"column":21}},"loc":{"start":{"line":22,"column":51},"end":{"line":81,"column":1}},"line":22},"1":{"name":"(anonymous_1)","decl":{"start":{"line":26,"column":23},"end":{"line":26,"column":24}},"loc":{"start":{"line":26,"column":35},"end":{"line":36,"column":5}},"line":26},"2":{"name":"(anonymous_2)","decl":{"start":{"line":37,"column":14},"end":{"line":37,"column":15}},"loc":{"start":{"line":37,"column":20},"end":{"line":39,"column":5}},"line":37}},"branchMap":{"0":{"loc":{"start":{"line":50,"column":48},"end":{"line":50,"column":78}},"type":"cond-expr","locations":[{"start":{"line":50,"column":64},"end":{"line":50,"column":69}},{"start":{"line":50,"column":72},"end":{"line":50,"column":78}}],"line":50}},"s":{"0":0,"1":0,"2":0,"3":0,"4":0,"5":0,"6":0,"7":0,"8":0,"9":0,"10":0,"11":0,"12":0},"f":{"0":0,"1":0,"2":0},"b":{"0":[0,0]}}
,"/Users/palashrathod/Documents/sem 1/CSC510 SE/Auction-Sphere/src/components/ProductDetails.js": {"path":"/Users/palashrathod/Documents/sem 1/CSC510 SE/Auction-Sphere/src/components/ProductDetails.js","statementMap":{"0":{"start":{"line":15,"column":23},"end":{"line":96,"column":1}},"1":{"start":{"line":16,"column":17},"end":{"line":16,"column":28}},"2":{"start":{"line":17,"column":40},"end":{"line":17,"column":55}},"3":{"start":{"line":18,"column":40},"end":{"line":18,"column":55}},"4":{"start":{"line":19,"column":28},"end":{"line":19,"column":40}},"5":{"start":{"line":20,"column":34},"end":{"line":20,"column":48}},"6":{"start":{"line":21,"column":30},"end":{"line":32,"column":5}},"7":{"start":{"line":22,"column":8},"end":{"line":31,"column":9}},"8":{"start":{"line":23,"column":23},"end":{"line":25,"column":14}},"9":{"start":{"line":26,"column":12},"end":{"line":26,"column":29}},"10":{"start":{"line":27,"column":12},"end":{"line":27,"column":35}},"11":{"start":{"line":28,"column":12},"end":{"line":28,"column":44}},"12":{"start":{"line":30,"column":12},"end":{"line":30,"column":41}},"13":{"start":{"line":33,"column":4},"end":{"line":40,"column":10}},"14":{"start":{"line":34,"column":8},"end":{"line":34,"column":27}},"15":{"start":{"line":35,"column":8},"end":{"line":39,"column":9}},"16":{"start":{"line":36,"column":12},"end":{"line":38,"column":13}},"17":{"start":{"line":37,"column":16},"end":{"line":37,"column":35}},"18":{"start":{"line":41,"column":4},"end":{"line":95,"column":5}},"19":{"start":{"line":71,"column":24},"end":{"line":74,"column":30}},"20":{"start":{"line":84,"column":39},"end":{"line":84,"column":65}}},"fnMap":{"0":{"name":"(anonymous_0)","decl":{"start":{"line":15,"column":23},"end":{"line":15,"column":24}},"loc":{"start":{"line":15,"column":29},"end":{"line":96,"column":1}},"line":15},"1":{"name":"(anonymous_1)","decl":{"start":{"line":21,"column":30},"end":{"line":21,"column":31}},"loc":{"start":{"line":21,"column":42},"end":{"line":32,"column":5}},"line":21},"2":{"name":"(anonymous_2)","decl":{"start":{"line":33,"column":14},"end":{"line":33,"column":15}},"loc":{"start":{"line":33,"column":20},"end":{"line":40,"column":5}},"line":33},"3":{"name":"(anonymous_3)","decl":{"start":{"line":70,"column":30},"end":{"line":70,"column":31}},"loc":{"start":{"line":71,"column":24},"end":{"line":74,"column":30}},"line":71},"4":{"name":"(anonymous_4)","decl":{"start":{"line":84,"column":33},"end":{"line":84,"column":34}},"loc":{"start":{"line":84,"column":39},"end":{"line":84,"column":65}},"line":84}},"branchMap":{"0":{"loc":{"start":{"line":35,"column":8},"end":{"line":39,"column":9}},"type":"if","locations":[{"start":{"line":35,"column":8},"end":{"line":39,"column":9}},{"start":{},"end":{}}],"line":35},"1":{"loc":{"start":{"line":36,"column":12},"end":{"line":38,"column":13}},"type":"if","locations":[{"start":{"line":36,"column":12},"end":{"line":38,"column":13}},{"start":{},"end":{}}],"line":36},"2":{"loc":{"start":{"line":46,"column":13},"end":{"line":66,"column":13}},"type":"binary-expr","locations":[{"start":{"line":46,"column":13},"end":{"line":46,"column":20}},{"start":{"line":47,"column":16},"end":{"line":65,"column":22}}],"line":46},"3":{"loc":{"start":{"line":67,"column":13},"end":{"line":79,"column":13}},"type":"cond-expr","locations":[{"start":{"line":68,"column":16},"end":{"line":76,"column":19}},{"start":{"line":78,"column":16},"end":{"line":78,"column":39}}],"line":67},"4":{"loc":{"start":{"line":80,"column":13},"end":{"line":92,"column":13}},"type":"binary-expr","locations":[{"start":{"line":80,"column":13},"end":{"line":80,"column":23}},{"start":{"line":81,"column":16},"end":{"line":91,"column":19}}],"line":80},"5":{"loc":{"start":{"line":86,"column":25},"end":{"line":86,"column":69}},"type":"cond-expr","locations":[{"start":{"line":86,"column":38},"end":{"line":86,"column":52}},{"start":{"line":86,"column":55},"end":{"line":86,"column":69}}],"line":86},"6":{"loc":{"start":{"line":88,"column":21},"end":{"line":90,"column":21}},"type":"binary-expr","locations":[{"start":{"line":88,"column":21},"end":{"line":88,"column":31}},{"start":{"line":89,"column":24},"end":{"line":89,"column":74}}],"line":88}},"s":{"0":0,"1":0,"2":0,"3":0,"4":0,"5":0,"6":0,"7":0,"8":0,"9":0,"10":0,"11":0,"12":0,"13":0,"14":0,"15":0,"16":0,"17":0,"18":0,"19":0,"20":0},"f":{"0":0,"1":0,"2":0,"3":0,"4":0},"b":{"0":[0,0],"1":[0,0],"2":[0,0],"3":[0,0],"4":[0,0],"5":[0,0],"6":[0,0]}}
,"/Users/palashrathod/Documents/sem 1/CSC510 SE/Auction-Sphere/src/components/Products.js": {"path":"/Users/palashrathod/Documents/sem 1/CSC510 SE/Auction-Sphere/src/components/Products.js","statementMap":{"0":{"start":{"line":12,"column":17},"end":{"line":50,"column":1}},"1":{"start":{"line":13,"column":34},"end":{"line":13,"column":46}},"2":{"start":{"line":15,"column":24},"end":{"line":24,"column":5}},"3":{"start":{"line":16,"column":8},"end":{"line":23,"column":9}},"4":{"start":{"line":17,"column":23},"end":{"line":17,"column":66}},"5":{"start":{"line":18,"column":12},"end":{"line":18,"column":34}},"6":{"start":{"line":19,"column":12},"end":{"line":19,"column":33}},"7":{"start":{"line":21,"column":12},"end":{"line":21,"column":41}},"8":{"start":{"line":22,"column":12},"end":{"line":22,"column":30}},"9":{"start":{"line":25,"column":4},"end":{"line":27,"column":10}},"10":{"start":{"line":26,"column":8},"end":{"line":26,"column":21}},"11":{"start":{"line":29,"column":4},"end":{"line":49,"column":5}},"12":{"start":{"line":39,"column":20},"end":{"line":44,"column":22}}},"fnMap":{"0":{"name":"(anonymous_0)","decl":{"start":{"line":12,"column":17},"end":{"line":12,"column":18}},"loc":{"start":{"line":12,"column":23},"end":{"line":50,"column":1}},"line":12},"1":{"name":"(anonymous_1)","decl":{"start":{"line":15,"column":24},"end":{"line":15,"column":25}},"loc":{"start":{"line":15,"column":36},"end":{"line":24,"column":5}},"line":15},"2":{"name":"(anonymous_2)","decl":{"start":{"line":25,"column":14},"end":{"line":25,"column":15}},"loc":{"start":{"line":25,"column":20},"end":{"line":27,"column":5}},"line":25},"3":{"name":"(anonymous_3)","decl":{"start":{"line":38,"column":37},"end":{"line":38,"column":38}},"loc":{"start":{"line":39,"column":20},"end":{"line":44,"column":22}},"line":39}},"branchMap":{"0":{"loc":{"start":{"line":35,"column":13},"end":{"line":46,"column":13}},"type":"cond-expr","locations":[{"start":{"line":36,"column":16},"end":{"line":36,"column":42}},{"start":{"line":38,"column":16},"end":{"line":45,"column":18}}],"line":35},"1":{"loc":{"start":{"line":35,"column":13},"end":{"line":35,"column":72}},"type":"binary-expr","locations":[{"start":{"line":35,"column":13},"end":{"line":35,"column":20}},{"start":{"line":35,"column":24},"end":{"line":35,"column":40}},{"start":{"line":35,"column":44},"end":{"line":35,"column":72}}],"line":35}},"s":{"0":0,"1":0,"2":0,"3":0,"4":0,"5":0,"6":0,"7":0,"8":0,"9":0,"10":0,"11":0,"12":0},"f":{"0":0,"1":0,"2":0,"3":0},"b":{"0":[0,0],"1":[0,0,0]}}
,"/Users/palashrathod/Documents/sem 1/CSC510 SE/Auction-Sphere/src/components/Sell.js": {"path":"/Users/palashrathod/Documents/sem 1/CSC510 SE/Auction-Sphere/src/components/Sell.js","statementMap":{"0":{"start":{"line":8,"column":17},"end":{"line":19,"column":6}},"1":{"start":{"line":9,"column":4},"end":{"line":19,"column":6}},"2":{"start":{"line":10,"column":23},"end":{"line":10,"column":39}},"3":{"start":{"line":11,"column":8},"end":{"line":13,"column":9}},"4":{"start":{"line":12,"column":12},"end":{"line":12,"column":40}},"5":{"start":{"line":14,"column":8},"end":{"line":16,"column":9}},"6":{"start":{"line":15,"column":12},"end":{"line":15,"column":25}},"7":{"start":{"line":18,"column":8},"end":{"line":18,"column":34}},"8":{"start":{"line":25,"column":13},"end":{"line":154,"column":1}},"9":{"start":{"line":26,"column":46},"end":{"line":26,"column":56}},"10":{"start":{"line":27,"column":25},"end":{"line":29,"column":5}},"11":{"start":{"line":28,"column":8},"end":{"line":28,"column":77}},"12":{"start":{"line":31,"column":25},"end":{"line":60,"column":5}},"13":{"start":{"line":32,"column":8},"end":{"line":32,"column":30}},"14":{"start":{"line":33,"column":8},"end":{"line":34,"column":64}},"15":{"start":{"line":34,"column":12},"end":{"line":34,"column":64}},"16":{"start":{"line":36,"column":8},"end":{"line":36,"column":38}},"17":{"start":{"line":37,"column":8},"end":{"line":37,"column":29}},"18":{"start":{"line":39,"column":8},"end":{"line":56,"column":9}},"19":{"start":{"line":40,"column":12},"end":{"line":40,"column":74}},"20":{"start":{"line":41,"column":12},"end":{"line":41,"column":40}},"21":{"start":{"line":42,"column":12},"end":{"line":42,"column":33}},"22":{"start":{"line":43,"column":12},"end":{"line":51,"column":14}},"23":{"start":{"line":52,"column":12},"end":{"line":52,"column":39}},"24":{"start":{"line":54,"column":12},"end":{"line":54,"column":26}},"25":{"start":{"line":55,"column":12},"end":{"line":55,"column":41}},"26":{"start":{"line":62,"column":36},"end":{"line":69,"column":6}},"27":{"start":{"line":71,"column":34},"end":{"line":79,"column":10}},"28":{"start":{"line":72,"column":8},"end":{"line":78,"column":9}},"29":{"start":{"line":72,"column":21},"end":{"line":72,"column":22}},"30":{"start":{"line":73,"column":23},"end":{"line":73,"column":52}},"31":{"start":{"line":74,"column":12},"end":{"line":74,"column":29}},"32":{"start":{"line":75,"column":37},"end":{"line":75,"column":57}},"33":{"start":{"line":76,"column":12},"end":{"line":76,"column":48}},"34":{"start":{"line":77,"column":12},"end":{"line":77,"column":56}},"35":{"start":{"line":81,"column":4},"end":{"line":153,"column":5}},"36":{"start":{"line":94,"column":41},"end":{"line":94,"column":56}},"37":{"start":{"line":105,"column":41},"end":{"line":105,"column":56}},"38":{"start":{"line":116,"column":41},"end":{"line":116,"column":56}},"39":{"start":{"line":127,"column":41},"end":{"line":127,"column":56}},"40":{"start":{"line":138,"column":41},"end":{"line":138,"column":56}},"41":{"start":{"line":146,"column":41},"end":{"line":146,"column":65}}},"fnMap":{"0":{"name":"(anonymous_0)","decl":{"start":{"line":8,"column":17},"end":{"line":8,"column":18}},"loc":{"start":{"line":9,"column":4},"end":{"line":19,"column":6}},"line":9},"1":{"name":"(anonymous_1)","decl":{"start":{"line":9,"column":16},"end":{"line":9,"column":17}},"loc":{"start":{"line":9,"column":37},"end":{"line":19,"column":5}},"line":9},"2":{"name":"(anonymous_2)","decl":{"start":{"line":11,"column":24},"end":{"line":11,"column":25}},"loc":{"start":{"line":11,"column":35},"end":{"line":13,"column":9}},"line":11},"3":{"name":"(anonymous_3)","decl":{"start":{"line":14,"column":25},"end":{"line":14,"column":26}},"loc":{"start":{"line":14,"column":36},"end":{"line":16,"column":9}},"line":14},"4":{"name":"(anonymous_4)","decl":{"start":{"line":25,"column":13},"end":{"line":25,"column":14}},"loc":{"start":{"line":25,"column":19},"end":{"line":154,"column":1}},"line":25},"5":{"name":"(anonymous_5)","decl":{"start":{"line":27,"column":25},"end":{"line":27,"column":26}},"loc":{"start":{"line":27,"column":36},"end":{"line":29,"column":5}},"line":27},"6":{"name":"(anonymous_6)","decl":{"start":{"line":31,"column":25},"end":{"line":31,"column":26}},"loc":{"start":{"line":31,"column":42},"end":{"line":60,"column":5}},"line":31},"7":{"name":"(anonymous_7)","decl":{"start":{"line":71,"column":46},"end":{"line":71,"column":47}},"loc":{"start":{"line":71,"column":71},"end":{"line":79,"column":5}},"line":71},"8":{"name":"(anonymous_8)","decl":{"start":{"line":94,"column":34},"end":{"line":94,"column":35}},"loc":{"start":{"line":94,"column":41},"end":{"line":94,"column":56}},"line":94},"9":{"name":"(anonymous_9)","decl":{"start":{"line":105,"column":34},"end":{"line":105,"column":35}},"loc":{"start":{"line":105,"column":41},"end":{"line":105,"column":56}},"line":105},"10":{"name":"(anonymous_10)","decl":{"start":{"line":116,"column":34},"end":{"line":116,"column":35}},"loc":{"start":{"line":116,"column":41},"end":{"line":116,"column":56}},"line":116},"11":{"name":"(anonymous_11)","decl":{"start":{"line":127,"column":34},"end":{"line":127,"column":35}},"loc":{"start":{"line":127,"column":41},"end":{"line":127,"column":56}},"line":127},"12":{"name":"(anonymous_12)","decl":{"start":{"line":138,"column":34},"end":{"line":138,"column":35}},"loc":{"start":{"line":138,"column":41},"end":{"line":138,"column":56}},"line":138},"13":{"name":"(anonymous_13)","decl":{"start":{"line":146,"column":34},"end":{"line":146,"column":35}},"loc":{"start":{"line":146,"column":41},"end":{"line":146,"column":65}},"line":146}},"branchMap":{"0":{"loc":{"start":{"line":33,"column":8},"end":{"line":34,"column":64}},"type":"if","locations":[{"start":{"line":33,"column":8},"end":{"line":34,"column":64}},{"start":{},"end":{}}],"line":33}},"s":{"0":0,"1":0,"2":0,"3":0,"4":0,"5":0,"6":0,"7":0,"8":0,"9":0,"10":0,"11":0,"12":0,"13":0,"14":0,"15":0,"16":0,"17":0,"18":0,"19":0,"20":0,"21":0,"22":0,"23":0,"24":0,"25":0,"26":0,"27":0,"28":0,"29":0,"30":0,"31":0,"32":0,"33":0,"34":0,"35":0,"36":0,"37":0,"38":0,"39":0,"40":0,"41":0},"f":{"0":0,"1":0,"2":0,"3":0,"4":0,"5":0,"6":0,"7":0,"8":0,"9":0,"10":0,"11":0,"12":0,"13":0},"b":{"0":[0,0]}}
,"/Users/palashrathod/Documents/sem 1/CSC510 SE/Auction-Sphere/src/components/LoginSignup/Login.js": {"path":"/Users/palashrathod/Documents/sem 1/CSC510 SE/Auction-Sphere/src/components/LoginSignup/Login.js","statementMap":{"0":{"start":{"line":23,"column":14},"end":{"line":95,"column":1}},"1":{"start":{"line":24,"column":23},"end":{"line":26,"column":3}},"2":{"start":{"line":25,"column":4},"end":{"line":25,"column":74}},"3":{"start":{"line":27,"column":19},"end":{"line":27,"column":32}},"4":{"start":{"line":28,"column":23},"end":{"line":48,"column":3}},"5":{"start":{"line":29,"column":4},"end":{"line":29,"column":27}},"6":{"start":{"line":30,"column":4},"end":{"line":30,"column":26}},"7":{"start":{"line":32,"column":4},"end":{"line":47,"column":5}},"8":{"start":{"line":33,"column":6},"end":{"line":33,"column":60}},"9":{"start":{"line":34,"column":6},"end":{"line":34,"column":28}},"10":{"start":{"line":36,"column":6},"end":{"line":43,"column":7}},"11":{"start":{"line":37,"column":8},"end":{"line":37,"column":32}},"12":{"start":{"line":38,"column":8},"end":{"line":38,"column":45}},"13":{"start":{"line":39,"column":8},"end":{"line":39,"column":54}},"14":{"start":{"line":40,"column":8},"end":{"line":40,"column":30}},"15":{"start":{"line":42,"column":8},"end":{"line":42,"column":38}},"16":{"start":{"line":45,"column":6},"end":{"line":45,"column":36}},"17":{"start":{"line":46,"column":6},"end":{"line":46,"column":21}},"18":{"start":{"line":49,"column":34},"end":{"line":52,"column":4}},"19":{"start":{"line":53,"column":2},"end":{"line":94,"column":4}},"20":{"start":{"line":71,"column":35},"end":{"line":71,"column":50}},"21":{"start":{"line":82,"column":35},"end":{"line":82,"column":50}}},"fnMap":{"0":{"name":"(anonymous_0)","decl":{"start":{"line":23,"column":14},"end":{"line":23,"column":15}},"loc":{"start":{"line":23,"column":20},"end":{"line":95,"column":1}},"line":23},"1":{"name":"(anonymous_1)","decl":{"start":{"line":24,"column":23},"end":{"line":24,"column":24}},"loc":{"start":{"line":24,"column":34},"end":{"line":26,"column":3}},"line":24},"2":{"name":"(anonymous_2)","decl":{"start":{"line":28,"column":23},"end":{"line":28,"column":24}},"loc":{"start":{"line":28,"column":40},"end":{"line":48,"column":3}},"line":28},"3":{"name":"(anonymous_3)","decl":{"start":{"line":71,"column":28},"end":{"line":71,"column":29}},"loc":{"start":{"line":71,"column":35},"end":{"line":71,"column":50}},"line":71},"4":{"name":"(anonymous_4)","decl":{"start":{"line":82,"column":28},"end":{"line":82,"column":29}},"loc":{"start":{"line":82,"column":35},"end":{"line":82,"column":50}},"line":82}},"branchMap":{"0":{"loc":{"start":{"line":36,"column":6},"end":{"line":43,"column":7}},"type":"if","locations":[{"start":{"line":36,"column":6},"end":{"line":43,"column":7}},{"start":{"line":41,"column":13},"end":{"line":43,"column":7}}],"line":36}},"s":{"0":1,"1":5,"2":0,"3":5,"4":4,"5":0,"6":0,"7":0,"8":0,"9":0,"10":0,"11":0,"12":0,"13":0,"14":0,"15":0,"16":0,"17":0,"18":4,"19":4,"20":0,"21":0},"f":{"0":5,"1":0,"2":0,"3":0,"4":0},"b":{"0":[0,0]},"_coverageSchema":"1a1c01bbd47fc00a2c39e90264f33305004495a9","hash":"c9af68f602190b5402722e7873c9b037be163c08"}
,"/Users/palashrathod/Documents/sem 1/CSC510 SE/Auction-Sphere/src/components/LoginSignup/Signup.js": {"path":"/Users/palashrathod/Documents/sem 1/CSC510 SE/Auction-Sphere/src/components/LoginSignup/Signup.js","statementMap":{"0":{"start":{"line":24,"column":15},"end":{"line":162,"column":1}},"1":{"start":{"line":25,"column":21},"end":{"line":25,"column":34}},"2":{"start":{"line":26,"column":25},"end":{"line":28,"column":5}},"3":{"start":{"line":27,"column":8},"end":{"line":27,"column":77}},"4":{"start":{"line":29,"column":25},"end":{"line":45,"column":5}},"5":{"start":{"line":30,"column":8},"end":{"line":30,"column":30}},"6":{"start":{"line":31,"column":8},"end":{"line":44,"column":9}},"7":{"start":{"line":32,"column":12},"end":{"line":32,"column":43}},"8":{"start":{"line":34,"column":12},"end":{"line":34,"column":33}},"9":{"start":{"line":35,"column":12},"end":{"line":43,"column":13}},"10":{"start":{"line":36,"column":31},"end":{"line":36,"column":74}},"11":{"start":{"line":37,"column":16},"end":{"line":37,"column":37}},"12":{"start":{"line":38,"column":16},"end":{"line":38,"column":34}},"13":{"start":{"line":41,"column":16},"end":{"line":41,"column":45}},"14":{"start":{"line":42,"column":16},"end":{"line":42,"column":30}},"15":{"start":{"line":46,"column":36},"end":{"line":54,"column":6}},"16":{"start":{"line":55,"column":4},"end":{"line":161,"column":5}},"17":{"start":{"line":79,"column":61},"end":{"line":79,"column":76}},"18":{"start":{"line":90,"column":61},"end":{"line":90,"column":76}},"19":{"start":{"line":101,"column":61},"end":{"line":101,"column":76}},"20":{"start":{"line":112,"column":61},"end":{"line":112,"column":76}},"21":{"start":{"line":134,"column":61},"end":{"line":134,"column":76}},"22":{"start":{"line":147,"column":61},"end":{"line":147,"column":76}}},"fnMap":{"0":{"name":"(anonymous_0)","decl":{"start":{"line":24,"column":15},"end":{"line":24,"column":16}},"loc":{"start":{"line":24,"column":21},"end":{"line":162,"column":1}},"line":24},"1":{"name":"(anonymous_1)","decl":{"start":{"line":26,"column":25},"end":{"line":26,"column":26}},"loc":{"start":{"line":26,"column":36},"end":{"line":28,"column":5}},"line":26},"2":{"name":"(anonymous_2)","decl":{"start":{"line":29,"column":25},"end":{"line":29,"column":26}},"loc":{"start":{"line":29,"column":42},"end":{"line":45,"column":5}},"line":29},"3":{"name":"(anonymous_3)","decl":{"start":{"line":79,"column":54},"end":{"line":79,"column":55}},"loc":{"start":{"line":79,"column":61},"end":{"line":79,"column":76}},"line":79},"4":{"name":"(anonymous_4)","decl":{"start":{"line":90,"column":54},"end":{"line":90,"column":55}},"loc":{"start":{"line":90,"column":61},"end":{"line":90,"column":76}},"line":90},"5":{"name":"(anonymous_5)","decl":{"start":{"line":101,"column":54},"end":{"line":101,"column":55}},"loc":{"start":{"line":101,"column":61},"end":{"line":101,"column":76}},"line":101},"6":{"name":"(anonymous_6)","decl":{"start":{"line":112,"column":54},"end":{"line":112,"column":55}},"loc":{"start":{"line":112,"column":61},"end":{"line":112,"column":76}},"line":112},"7":{"name":"(anonymous_7)","decl":{"start":{"line":134,"column":54},"end":{"line":134,"column":55}},"loc":{"start":{"line":134,"column":61},"end":{"line":134,"column":76}},"line":134},"8":{"name":"(anonymous_8)","decl":{"start":{"line":147,"column":54},"end":{"line":147,"column":55}},"loc":{"start":{"line":147,"column":61},"end":{"line":147,"column":76}},"line":147}},"branchMap":{"0":{"loc":{"start":{"line":31,"column":8},"end":{"line":44,"column":9}},"type":"if","locations":[{"start":{"line":31,"column":8},"end":{"line":44,"column":9}},{"start":{"line":33,"column":13},"end":{"line":44,"column":9}}],"line":31},"1":{"loc":{"start":{"line":58,"column":13},"end":{"line":158,"column":13}},"type":"cond-expr","locations":[{"start":{"line":59,"column":16},"end":{"line":59,"column":21}},{"start":{"line":61,"column":16},"end":{"line":157,"column":19}}],"line":58}},"s":{"0":1,"1":13,"2":12,"3":0,"4":12,"5":0,"6":0,"7":0,"8":0,"9":0,"10":0,"11":0,"12":0,"13":0,"14":0,"15":12,"16":12,"17":0,"18":0,"19":0,"20":0,"21":0,"22":0},"f":{"0":13,"1":0,"2":0,"3":0,"4":0,"5":0,"6":0,"7":0,"8":0},"b":{"0":[0,0],"1":[0,12]},"_coverageSchema":"1a1c01bbd47fc00a2c39e90264f33305004495a9","hash":"ba68e7ad6fb8878c1f95ed907f7c36981eb7d47f"}
}
